android/app/build/intermediates/manifest_merge_blame_file/release/manifest-merger-blame-release-report.txt
1<?xml version="1.0" encoding="utf-8"?>
2<manifest xmlns:android="http://schemas.android.com/apk/res/android"
3    package="com.shreekar"
4    android:versionCode="8"
5    android:versionName="4.0" >
6
7    <uses-sdk
8        android:minSdkVersion="21"
8-->src/main/AndroidManifest.xml
9        android:targetSdkVersion="31" />
9-->src/main/AndroidManifest.xml
10
11    <uses-permission android:name="android.permission.INTERNET" />
11-->src/main/AndroidManifest.xml:4:5-67
11-->src/main/AndroidManifest.xml:4:22-64
12    <uses-permission android:name="android.permission.ACCESS_FINE_LOCATION" />
12-->src/main/AndroidManifest.xml:5:1-75
12-->src/main/AndroidManifest.xml:5:18-72
13    <uses-permission android:name="android.permission.CAMERA" />
13-->src/main/AndroidManifest.xml:7:2-62
13-->src/main/AndroidManifest.xml:7:19-59
14    <uses-permission android:name="android.permission.ACCESS_FINE_LOCATION" />
14-->src/main/AndroidManifest.xml:5:1-75
14-->src/main/AndroidManifest.xml:5:18-72
15    <uses-permission android:name="android.permission.ACCESS_COARSE_LOCATION" />
15-->src/main/AndroidManifest.xml:9:5-81
15-->src/main/AndroidManifest.xml:9:22-78
16
17    <uses-feature
17-->src/main/AndroidManifest.xml:10:5-85
18        android:name="android.hardware.camera"
18-->src/main/AndroidManifest.xml:10:19-57
19        android:required="false" />
19-->src/main/AndroidManifest.xml:10:58-82
20    <uses-feature
20-->src/main/AndroidManifest.xml:11:5-91
21        android:name="android.hardware.camera.front"
21-->src/main/AndroidManifest.xml:11:19-63
22        android:required="false" />
22-->src/main/AndroidManifest.xml:11:64-88
23
24    <uses-permission android:name="android.permission.WRITE_EXTERNAL_STORAGE" />
24-->src/main/AndroidManifest.xml:12:5-81
24-->src/main/AndroidManifest.xml:12:22-78
25    <uses-permission
25-->src/main/AndroidManifest.xml:13:5-15:34
26        android:name="android.permission.READ_EXTERNAL_STORAGE"
26-->src/main/AndroidManifest.xml:14:5-60
27        android:maxSdkVersion="21" />
27-->src/main/AndroidManifest.xml:15:5-31
28    <uses-permission android:name="android.permission.ACCESS_NETWORK_STATE" />
28-->[:react-native-community_netinfo] AndroidManifest.xml:9:5-79
28-->[:react-native-community_netinfo] AndroidManifest.xml:9:22-76
29    <uses-permission android:name="android.permission.ACCESS_WIFI_STATE" />
29-->[:react-native-community_netinfo] AndroidManifest.xml:10:5-76
29-->[:react-native-community_netinfo] AndroidManifest.xml:10:22-73
30    <uses-permission android:name="android.permission.WAKE_LOCK" />
30-->[:react-native-firebase_messaging] AndroidManifest.xml:10:5-68
30-->[:react-native-firebase_messaging] AndroidManifest.xml:10:22-65
31
32    <queries>
32-->[:react-native-image-crop-picker] AndroidManifest.xml:9:5-13:15
33        <intent>
33-->[:react-native-image-crop-picker] AndroidManifest.xml:10:9-12:18
34            <action android:name="android.media.action.IMAGE_CAPTURE" />
34-->[:react-native-image-crop-picker] AndroidManifest.xml:11:13-73
34-->[:react-native-image-crop-picker] AndroidManifest.xml:11:21-70
35        </intent>
36
37        <package android:name="com.facebook.katana" />
37-->[com.facebook.android:facebook-common:17.0.2] AndroidManifest.xml:18:9-55
37-->[com.facebook.android:facebook-common:17.0.2] AndroidManifest.xml:18:18-52
38    </queries>
39
40    <uses-permission android:name="android.permission.POST_NOTIFICATIONS" /> <!-- Required by older versions of Google Play services to create IID tokens -->
40-->[com.google.firebase:firebase-messaging:24.0.1] AndroidManifest.xml:23:5-77
40-->[com.google.firebase:firebase-messaging:24.0.1] AndroidManifest.xml:23:22-74
41    <uses-permission android:name="com.google.android.c2dm.permission.RECEIVE" />
41-->[com.google.firebase:firebase-messaging:24.0.1] AndroidManifest.xml:26:5-82
41-->[com.google.firebase:firebase-messaging:24.0.1] AndroidManifest.xml:26:22-79
42    <uses-permission android:name="com.google.android.gms.permission.AD_ID" />
42-->[com.google.android.gms:play-services-measurement-api:21.2.1] AndroidManifest.xml:25:5-79
42-->[com.google.android.gms:play-services-measurement-api:21.2.1] AndroidManifest.xml:25:22-76
43    <uses-permission android:name="com.google.android.finsky.permission.BIND_GET_INSTALL_REFERRER_SERVICE" /> <!-- for android -->
43-->[com.google.android.gms:play-services-measurement:21.2.1] AndroidManifest.xml:26:5-110
43-->[com.google.android.gms:play-services-measurement:21.2.1] AndroidManifest.xml:26:22-107
44    <!-- <uses-permission android:name="com.android.launcher.permission.READ_SETTINGS"/> -->
45    <!-- <uses-permission android:name="com.android.launcher.permission.WRITE_SETTINGS"/> -->
46    <!-- <uses-permission android:name="com.android.launcher.permission.INSTALL_SHORTCUT" /> -->
47    <!-- <uses-permission android:name="com.android.launcher.permission.UNINSTALL_SHORTCUT" /> -->
48    <!-- for Samsung -->
49    <uses-permission android:name="com.sec.android.provider.badge.permission.READ" />
49-->[me.leolin:ShortcutBadger:1.1.22] AndroidManifest.xml:19:5-86
49-->[me.leolin:ShortcutBadger:1.1.22] AndroidManifest.xml:19:22-83
50    <uses-permission android:name="com.sec.android.provider.badge.permission.WRITE" /> <!-- for htc -->
50-->[me.leolin:ShortcutBadger:1.1.22] AndroidManifest.xml:20:5-87
50-->[me.leolin:ShortcutBadger:1.1.22] AndroidManifest.xml:20:22-84
51    <uses-permission android:name="com.htc.launcher.permission.READ_SETTINGS" />
51-->[me.leolin:ShortcutBadger:1.1.22] AndroidManifest.xml:23:5-81
51-->[me.leolin:ShortcutBadger:1.1.22] AndroidManifest.xml:23:22-78
52    <uses-permission android:name="com.htc.launcher.permission.UPDATE_SHORTCUT" /> <!-- for sony -->
52-->[me.leolin:ShortcutBadger:1.1.22] AndroidManifest.xml:24:5-83
52-->[me.leolin:ShortcutBadger:1.1.22] AndroidManifest.xml:24:22-80
53    <uses-permission android:name="com.sonyericsson.home.permission.BROADCAST_BADGE" />
53-->[me.leolin:ShortcutBadger:1.1.22] AndroidManifest.xml:27:5-88
53-->[me.leolin:ShortcutBadger:1.1.22] AndroidManifest.xml:27:22-85
54    <uses-permission android:name="com.sonymobile.home.permission.PROVIDER_INSERT_BADGE" /> <!-- for apex -->
54-->[me.leolin:ShortcutBadger:1.1.22] AndroidManifest.xml:28:5-92
54-->[me.leolin:ShortcutBadger:1.1.22] AndroidManifest.xml:28:22-89
55    <uses-permission android:name="com.anddoes.launcher.permission.UPDATE_COUNT" /> <!-- for solid -->
55-->[me.leolin:ShortcutBadger:1.1.22] AndroidManifest.xml:31:5-84
55-->[me.leolin:ShortcutBadger:1.1.22] AndroidManifest.xml:31:22-81
56    <uses-permission android:name="com.majeur.launcher.permission.UPDATE_BADGE" /> <!-- for huawei -->
56-->[me.leolin:ShortcutBadger:1.1.22] AndroidManifest.xml:34:5-83
56-->[me.leolin:ShortcutBadger:1.1.22] AndroidManifest.xml:34:22-80
57    <uses-permission android:name="com.huawei.android.launcher.permission.CHANGE_BADGE" />
57-->[me.leolin:ShortcutBadger:1.1.22] AndroidManifest.xml:37:5-91
57-->[me.leolin:ShortcutBadger:1.1.22] AndroidManifest.xml:37:22-88
58    <uses-permission android:name="com.huawei.android.launcher.permission.READ_SETTINGS" />
58-->[me.leolin:ShortcutBadger:1.1.22] AndroidManifest.xml:38:5-92
58-->[me.leolin:ShortcutBadger:1.1.22] AndroidManifest.xml:38:22-89
59    <uses-permission android:name="com.huawei.android.launcher.permission.WRITE_SETTINGS" /> <!-- for ZUK -->
59-->[me.leolin:ShortcutBadger:1.1.22] AndroidManifest.xml:39:5-93
59-->[me.leolin:ShortcutBadger:1.1.22] AndroidManifest.xml:39:22-90
60    <uses-permission android:name="android.permission.READ_APP_BADGE" /> <!-- for OPPO -->
60-->[me.leolin:ShortcutBadger:1.1.22] AndroidManifest.xml:42:5-73
60-->[me.leolin:ShortcutBadger:1.1.22] AndroidManifest.xml:42:22-70
61    <uses-permission android:name="com.oppo.launcher.permission.READ_SETTINGS" />
61-->[me.leolin:ShortcutBadger:1.1.22] AndroidManifest.xml:45:5-82
61-->[me.leolin:ShortcutBadger:1.1.22] AndroidManifest.xml:45:22-79
62    <uses-permission android:name="com.oppo.launcher.permission.WRITE_SETTINGS" /> <!-- for EvMe -->
62-->[me.leolin:ShortcutBadger:1.1.22] AndroidManifest.xml:46:5-83
62-->[me.leolin:ShortcutBadger:1.1.22] AndroidManifest.xml:46:22-80
63    <uses-permission android:name="me.everything.badger.permission.BADGE_COUNT_READ" />
63-->[me.leolin:ShortcutBadger:1.1.22] AndroidManifest.xml:49:5-88
63-->[me.leolin:ShortcutBadger:1.1.22] AndroidManifest.xml:49:22-85
64    <uses-permission android:name="me.everything.badger.permission.BADGE_COUNT_WRITE" />
64-->[me.leolin:ShortcutBadger:1.1.22] AndroidManifest.xml:50:5-89
64-->[me.leolin:ShortcutBadger:1.1.22] AndroidManifest.xml:50:22-86
65
66    <application
66-->src/main/AndroidManifest.xml:16:5-37:19
67        android:name="com.exchequer.MainApplication"
67-->src/main/AndroidManifest.xml:17:7-51
68        android:allowBackup="false"
68-->src/main/AndroidManifest.xml:21:7-34
69        android:appComponentFactory="androidx.core.app.CoreComponentFactory"
69-->[androidx.core:core:1.6.0] AndroidManifest.xml:24:18-86
70        android:icon="@mipmap/ic_launcher"
70-->src/main/AndroidManifest.xml:19:7-41
71        android:label="@string/app_name"
71-->src/main/AndroidManifest.xml:18:7-39
72        android:roundIcon="@mipmap/ic_launcher_round"
72-->src/main/AndroidManifest.xml:20:7-52
73        android:supportsRtl="true"
73-->[com.facebook.android:facebook-android-sdk:17.0.2] AndroidManifest.xml:16:18-44
74        android:theme="@style/AppTheme" >
74-->src/main/AndroidManifest.xml:22:7-38
75        <activity
75-->src/main/AndroidManifest.xml:24:7-36:18
76            android:name="com.exchequer.MainActivity"
76-->src/main/AndroidManifest.xml:25:9-50
77            android:configChanges="keyboard|keyboardHidden|orientation|screenLayout|screenSize|smallestScreenSize|uiMode"
77-->src/main/AndroidManifest.xml:27:9-118
78            android:exported="true"
78-->src/main/AndroidManifest.xml:30:9-32
79            android:label="@string/app_name"
79-->src/main/AndroidManifest.xml:26:9-41
80            android:launchMode="singleTask"
80-->src/main/AndroidManifest.xml:28:9-40
81            android:screenOrientation="portrait"
81-->src/main/AndroidManifest.xml:31:9-45
82            android:windowSoftInputMode="adjustResize" >
82-->src/main/AndroidManifest.xml:29:9-51
83            <intent-filter>
83-->src/main/AndroidManifest.xml:32:9-35:25
84                <action android:name="android.intent.action.MAIN" />
84-->src/main/AndroidManifest.xml:33:13-65
84-->src/main/AndroidManifest.xml:33:21-62
85
86                <category android:name="android.intent.category.LAUNCHER" />
86-->src/main/AndroidManifest.xml:34:13-73
86-->src/main/AndroidManifest.xml:34:23-70
87            </intent-filter>
88        </activity>
89        <!-- Disable crashlytics by default so we can custom init with CrashlyticsNdk support -->
90        <meta-data
90-->[:react-native-firebase_crashlytics] AndroidManifest.xml:12:9-14:37
91            android:name="firebase_crashlytics_collection_enabled"
91-->[:react-native-firebase_crashlytics] AndroidManifest.xml:13:13-67
92            android:value="false" />
92-->[:react-native-firebase_crashlytics] AndroidManifest.xml:14:13-34
93
94        <provider
94-->[:react-native-firebase_crashlytics] AndroidManifest.xml:16:9-20:38
95            android:name="io.invertase.firebase.crashlytics.ReactNativeFirebaseCrashlyticsInitProvider"
95-->[:react-native-firebase_crashlytics] AndroidManifest.xml:17:13-104
96            android:authorities="com.shreekar.reactnativefirebasecrashlyticsinitprovider"
96-->[:react-native-firebase_crashlytics] AndroidManifest.xml:18:13-94
97            android:exported="false"
97-->[:react-native-firebase_crashlytics] AndroidManifest.xml:19:13-37
98            android:initOrder="98" />
98-->[:react-native-firebase_crashlytics] AndroidManifest.xml:20:13-35
99
100        <service
100-->[:react-native-firebase_messaging] AndroidManifest.xml:14:9-16:40
101            android:name="io.invertase.firebase.messaging.ReactNativeFirebaseMessagingHeadlessService"
101-->[:react-native-firebase_messaging] AndroidManifest.xml:15:13-103
102            android:exported="false" />
102-->[:react-native-firebase_messaging] AndroidManifest.xml:16:13-37
103        <service
103-->[:react-native-firebase_messaging] AndroidManifest.xml:17:9-23:19
104            android:name="io.invertase.firebase.messaging.ReactNativeFirebaseMessagingService"
104-->[:react-native-firebase_messaging] AndroidManifest.xml:18:13-95
105            android:exported="false" >
105-->[:react-native-firebase_messaging] AndroidManifest.xml:19:13-37
106            <intent-filter>
106-->[:react-native-firebase_messaging] AndroidManifest.xml:20:13-22:29
107                <action android:name="com.google.firebase.MESSAGING_EVENT" />
107-->[:react-native-firebase_messaging] AndroidManifest.xml:21:17-78
107-->[:react-native-firebase_messaging] AndroidManifest.xml:21:25-75
108            </intent-filter>
109        </service>
110
111        <receiver
111-->[:react-native-firebase_messaging] AndroidManifest.xml:25:9-32:20
112            android:name="io.invertase.firebase.messaging.ReactNativeFirebaseMessagingReceiver"
112-->[:react-native-firebase_messaging] AndroidManifest.xml:26:13-96
113            android:exported="true"
113-->[:react-native-firebase_messaging] AndroidManifest.xml:27:13-36
114            android:permission="com.google.android.c2dm.permission.SEND" >
114-->[:react-native-firebase_messaging] AndroidManifest.xml:28:13-73
115            <intent-filter>
115-->[:react-native-firebase_messaging] AndroidManifest.xml:29:13-31:29
116                <action android:name="com.google.android.c2dm.intent.RECEIVE" />
116-->[:react-native-firebase_messaging] AndroidManifest.xml:30:17-81
116-->[:react-native-firebase_messaging] AndroidManifest.xml:30:25-78
117            </intent-filter>
118        </receiver>
119
120        <meta-data
120-->[:react-native-firebase_messaging] AndroidManifest.xml:34:9-36:36
121            android:name="firebase_messaging_auto_init_enabled"
121-->[:react-native-firebase_messaging] AndroidManifest.xml:35:13-64
122            android:value="true" />
122-->[:react-native-firebase_messaging] AndroidManifest.xml:36:13-33
123        <meta-data
123-->[:react-native-firebase_messaging] AndroidManifest.xml:37:9-39:32
124            android:name="com.google.firebase.messaging.default_notification_channel_id"
124-->[:react-native-firebase_messaging] AndroidManifest.xml:38:13-89
125            android:value="" />
125-->[:react-native-firebase_messaging] AndroidManifest.xml:39:13-29
126        <meta-data
126-->[:react-native-firebase_messaging] AndroidManifest.xml:40:9-42:47
127            android:name="com.google.firebase.messaging.default_notification_color"
127-->[:react-native-firebase_messaging] AndroidManifest.xml:41:13-84
128            android:resource="@color/white" />
128-->[:react-native-firebase_messaging] AndroidManifest.xml:42:13-44
129        <meta-data
129-->[:react-native-firebase_app] AndroidManifest.xml:11:9-13:36
130            android:name="app_data_collection_default_enabled"
130-->[:react-native-firebase_app] AndroidManifest.xml:12:13-63
131            android:value="true" />
131-->[:react-native-firebase_app] AndroidManifest.xml:13:13-33
132
133        <service
133-->[:react-native-firebase_app] AndroidManifest.xml:15:9-23:19
134            android:name="com.google.firebase.components.ComponentDiscoveryService"
134-->[:react-native-firebase_app] AndroidManifest.xml:16:13-84
135            android:directBootAware="true"
135-->[:react-native-firebase_app] AndroidManifest.xml:17:13-43
136            android:exported="false" >
136-->[:react-native-firebase_app] AndroidManifest.xml:18:13-37
137            <meta-data
137-->[:react-native-firebase_app] AndroidManifest.xml:20:13-22:85
138                android:name="com.google.firebase.components:io.invertase.firebase.app.ReactNativeFirebaseAppRegistrar"
138-->[:react-native-firebase_app] AndroidManifest.xml:21:17-120
139                android:value="com.google.firebase.components.ComponentRegistrar" />
139-->[:react-native-firebase_app] AndroidManifest.xml:22:17-82
140            <meta-data
140-->[com.google.firebase:firebase-crashlytics-ndk:18.3.6] AndroidManifest.xml:34:13-36:85
141                android:name="com.google.firebase.components:com.google.firebase.crashlytics.ndk.CrashlyticsNdkRegistrar"
141-->[com.google.firebase:firebase-crashlytics-ndk:18.3.6] AndroidManifest.xml:35:17-122
142                android:value="com.google.firebase.components.ComponentRegistrar" />
142-->[com.google.firebase:firebase-crashlytics-ndk:18.3.6] AndroidManifest.xml:36:17-82
143            <meta-data
143-->[com.google.firebase:firebase-crashlytics:18.3.6] AndroidManifest.xml:17:13-19:85
144                android:name="com.google.firebase.components:com.google.firebase.crashlytics.CrashlyticsRegistrar"
144-->[com.google.firebase:firebase-crashlytics:18.3.6] AndroidManifest.xml:18:17-115
145                android:value="com.google.firebase.components.ComponentRegistrar" />
145-->[com.google.firebase:firebase-crashlytics:18.3.6] AndroidManifest.xml:19:17-82
146            <meta-data
146-->[com.google.firebase:firebase-messaging:24.0.1] AndroidManifest.xml:57:13-59:85
147                android:name="com.google.firebase.components:com.google.firebase.messaging.FirebaseMessagingKtxRegistrar"
147-->[com.google.firebase:firebase-messaging:24.0.1] AndroidManifest.xml:58:17-122
148                android:value="com.google.firebase.components.ComponentRegistrar" />
148-->[com.google.firebase:firebase-messaging:24.0.1] AndroidManifest.xml:59:17-82
149            <meta-data
149-->[com.google.firebase:firebase-messaging:24.0.1] AndroidManifest.xml:60:13-62:85
150                android:name="com.google.firebase.components:com.google.firebase.messaging.FirebaseMessagingRegistrar"
150-->[com.google.firebase:firebase-messaging:24.0.1] AndroidManifest.xml:61:17-119
151                android:value="com.google.firebase.components.ComponentRegistrar" />
151-->[com.google.firebase:firebase-messaging:24.0.1] AndroidManifest.xml:62:17-82
152            <meta-data
152-->[com.google.firebase:firebase-datatransport:18.2.0] AndroidManifest.xml:25:13-27:85
153                android:name="com.google.firebase.components:com.google.firebase.datatransport.TransportRegistrar"
153-->[com.google.firebase:firebase-datatransport:18.2.0] AndroidManifest.xml:26:17-115
154                android:value="com.google.firebase.components.ComponentRegistrar" />
154-->[com.google.firebase:firebase-datatransport:18.2.0] AndroidManifest.xml:27:17-82
155            <meta-data
155-->[com.google.android.gms:play-services-measurement-api:21.2.1] AndroidManifest.xml:31:13-33:85
156                android:name="com.google.firebase.components:com.google.firebase.analytics.connector.internal.AnalyticsConnectorRegistrar"
156-->[com.google.android.gms:play-services-measurement-api:21.2.1] AndroidManifest.xml:32:17-139
157                android:value="com.google.firebase.components.ComponentRegistrar" />
157-->[com.google.android.gms:play-services-measurement-api:21.2.1] AndroidManifest.xml:33:17-82
158            <meta-data
158-->[com.google.firebase:firebase-installations:17.2.0] AndroidManifest.xml:15:13-17:85
159                android:name="com.google.firebase.components:com.google.firebase.installations.FirebaseInstallationsKtxRegistrar"
159-->[com.google.firebase:firebase-installations:17.2.0] AndroidManifest.xml:16:17-130
160                android:value="com.google.firebase.components.ComponentRegistrar" />
160-->[com.google.firebase:firebase-installations:17.2.0] AndroidManifest.xml:17:17-82
161            <meta-data
161-->[com.google.firebase:firebase-installations:17.2.0] AndroidManifest.xml:18:13-20:85
162                android:name="com.google.firebase.components:com.google.firebase.installations.FirebaseInstallationsRegistrar"
162-->[com.google.firebase:firebase-installations:17.2.0] AndroidManifest.xml:19:17-127
163                android:value="com.google.firebase.components.ComponentRegistrar" />
163-->[com.google.firebase:firebase-installations:17.2.0] AndroidManifest.xml:20:17-82
164            <meta-data
164-->[com.google.firebase:firebase-common-ktx:21.0.0] AndroidManifest.xml:12:13-14:85
165                android:name="com.google.firebase.components:com.google.firebase.ktx.FirebaseCommonLegacyRegistrar"
165-->[com.google.firebase:firebase-common-ktx:21.0.0] AndroidManifest.xml:13:17-116
166                android:value="com.google.firebase.components.ComponentRegistrar" />
166-->[com.google.firebase:firebase-common-ktx:21.0.0] AndroidManifest.xml:14:17-82
167            <meta-data
167-->[com.google.firebase:firebase-common:21.0.0] AndroidManifest.xml:35:13-37:85
168                android:name="com.google.firebase.components:com.google.firebase.FirebaseCommonKtxRegistrar"
168-->[com.google.firebase:firebase-common:21.0.0] AndroidManifest.xml:36:17-109
169                android:value="com.google.firebase.components.ComponentRegistrar" />
169-->[com.google.firebase:firebase-common:21.0.0] AndroidManifest.xml:37:17-82
170        </service>
171
172        <provider
172-->[:react-native-firebase_app] AndroidManifest.xml:25:9-29:38
173            android:name="io.invertase.firebase.app.ReactNativeFirebaseAppInitProvider"
173-->[:react-native-firebase_app] AndroidManifest.xml:26:13-88
174            android:authorities="com.shreekar.reactnativefirebaseappinitprovider"
174-->[:react-native-firebase_app] AndroidManifest.xml:27:13-86
175            android:exported="false"
175-->[:react-native-firebase_app] AndroidManifest.xml:28:13-37
176            android:initOrder="99" />
176-->[:react-native-firebase_app] AndroidManifest.xml:29:13-35
177        <provider
177-->[:react-native-image-crop-picker] AndroidManifest.xml:18:9-26:20
178            android:name="androidx.core.content.FileProvider"
178-->[:react-native-image-crop-picker] AndroidManifest.xml:19:13-62
179            android:authorities="com.shreekar.provider"
179-->[:react-native-image-crop-picker] AndroidManifest.xml:20:13-60
180            android:exported="false"
180-->[:react-native-image-crop-picker] AndroidManifest.xml:21:13-37
181            android:grantUriPermissions="true" >
181-->[:react-native-image-crop-picker] AndroidManifest.xml:22:13-47
182            <meta-data
182-->[:react-native-image-crop-picker] AndroidManifest.xml:23:13-25:58
183                android:name="android.support.FILE_PROVIDER_PATHS"
183-->[:react-native-image-crop-picker] AndroidManifest.xml:24:17-67
184                android:resource="@xml/provider_paths" />
184-->[:react-native-image-crop-picker] AndroidManifest.xml:25:17-55
185        </provider>
186
187        <activity
187-->[:react-native-image-crop-picker] AndroidManifest.xml:28:9-30:72
188            android:name="com.yalantis.ucrop.UCropActivity"
188-->[:react-native-image-crop-picker] AndroidManifest.xml:29:13-60
189            android:theme="@style/Theme.AppCompat.Light.NoActionBar" />
189-->[:react-native-image-crop-picker] AndroidManifest.xml:30:13-69
190
191        <provider
191-->[:react-native-webview] AndroidManifest.xml:10:9-18:20
192            android:name="com.reactnativecommunity.webview.RNCWebViewFileProvider"
192-->[:react-native-webview] AndroidManifest.xml:11:13-83
193            android:authorities="com.shreekar.fileprovider"
193-->[:react-native-webview] AndroidManifest.xml:12:13-64
194            android:exported="false"
194-->[:react-native-webview] AndroidManifest.xml:13:13-37
195            android:grantUriPermissions="true" >
195-->[:react-native-webview] AndroidManifest.xml:14:13-47
196            <meta-data
196-->[:react-native-image-crop-picker] AndroidManifest.xml:23:13-25:58
197                android:name="android.support.FILE_PROVIDER_PATHS"
197-->[:react-native-image-crop-picker] AndroidManifest.xml:24:17-67
198                android:resource="@xml/file_provider_paths" />
198-->[:react-native-image-crop-picker] AndroidManifest.xml:25:17-55
199        </provider>
200
201        <activity
201-->[com.facebook.android:facebook-common:17.0.2] AndroidManifest.xml:22:9-25:66
202            android:name="com.facebook.FacebookActivity"
202-->[com.facebook.android:facebook-common:17.0.2] AndroidManifest.xml:23:13-57
203            android:configChanges="keyboard|keyboardHidden|screenLayout|screenSize|orientation"
203-->[com.facebook.android:facebook-common:17.0.2] AndroidManifest.xml:24:13-96
204            android:theme="@style/com_facebook_activity_theme" />
204-->[com.facebook.android:facebook-common:17.0.2] AndroidManifest.xml:25:13-63
205        <activity android:name="com.facebook.CustomTabMainActivity" />
205-->[com.facebook.android:facebook-common:17.0.2] AndroidManifest.xml:26:9-71
205-->[com.facebook.android:facebook-common:17.0.2] AndroidManifest.xml:26:19-68
206        <activity
206-->[com.facebook.android:facebook-common:17.0.2] AndroidManifest.xml:27:9-41:20
207            android:name="com.facebook.CustomTabActivity"
207-->[com.facebook.android:facebook-common:17.0.2] AndroidManifest.xml:28:13-58
208            android:exported="true" >
208-->[com.facebook.android:facebook-common:17.0.2] AndroidManifest.xml:29:13-36
209            <intent-filter>
209-->[com.facebook.android:facebook-common:17.0.2] AndroidManifest.xml:31:13-40:29
210                <action android:name="android.intent.action.VIEW" />
210-->[com.facebook.android:facebook-common:17.0.2] AndroidManifest.xml:32:17-69
210-->[com.facebook.android:facebook-common:17.0.2] AndroidManifest.xml:32:25-66
211
212                <category android:name="android.intent.category.DEFAULT" />
212-->[com.facebook.android:facebook-common:17.0.2] AndroidManifest.xml:34:17-76
212-->[com.facebook.android:facebook-common:17.0.2] AndroidManifest.xml:34:27-73
213                <category android:name="android.intent.category.BROWSABLE" />
213-->[com.facebook.android:facebook-common:17.0.2] AndroidManifest.xml:35:17-78
213-->[com.facebook.android:facebook-common:17.0.2] AndroidManifest.xml:35:27-75
214
215                <data
215-->[com.facebook.android:facebook-common:17.0.2] AndroidManifest.xml:37:17-39:50
216                    android:host="cct.com.shreekar"
216-->[com.facebook.android:facebook-common:17.0.2] AndroidManifest.xml:38:21-56
217                    android:scheme="fbconnect" />
217-->[com.facebook.android:facebook-common:17.0.2] AndroidManifest.xml:39:21-47
218            </intent-filter>
219        </activity>
220
221        <receiver
221-->[com.google.firebase:firebase-messaging:24.0.1] AndroidManifest.xml:29:9-40:20
222            android:name="com.google.firebase.iid.FirebaseInstanceIdReceiver"
222-->[com.google.firebase:firebase-messaging:24.0.1] AndroidManifest.xml:30:13-78
223            android:exported="true"
223-->[com.google.firebase:firebase-messaging:24.0.1] AndroidManifest.xml:31:13-36
224            android:permission="com.google.android.c2dm.permission.SEND" >
224-->[com.google.firebase:firebase-messaging:24.0.1] AndroidManifest.xml:32:13-73
225            <intent-filter>
225-->[:react-native-firebase_messaging] AndroidManifest.xml:29:13-31:29
226                <action android:name="com.google.android.c2dm.intent.RECEIVE" />
226-->[:react-native-firebase_messaging] AndroidManifest.xml:30:17-81
226-->[:react-native-firebase_messaging] AndroidManifest.xml:30:25-78
227            </intent-filter>
228
229            <meta-data
229-->[com.google.firebase:firebase-messaging:24.0.1] AndroidManifest.xml:37:13-39:40
230                android:name="com.google.android.gms.cloudmessaging.FINISHED_AFTER_HANDLED"
230-->[com.google.firebase:firebase-messaging:24.0.1] AndroidManifest.xml:38:17-92
231                android:value="true" />
231-->[com.google.firebase:firebase-messaging:24.0.1] AndroidManifest.xml:39:17-37
232        </receiver>
233        <!--
234             FirebaseMessagingService performs security checks at runtime,
235             but set to not exported to explicitly avoid allowing another app to call it.
236        -->
237        <service
237-->[com.google.firebase:firebase-messaging:24.0.1] AndroidManifest.xml:46:9-53:19
238            android:name="com.google.firebase.messaging.FirebaseMessagingService"
238-->[com.google.firebase:firebase-messaging:24.0.1] AndroidManifest.xml:47:13-82
239            android:directBootAware="true"
239-->[com.google.firebase:firebase-messaging:24.0.1] AndroidManifest.xml:48:13-43
240            android:exported="false" >
240-->[com.google.firebase:firebase-messaging:24.0.1] AndroidManifest.xml:49:13-37
241            <intent-filter android:priority="-500" >
241-->[:react-native-firebase_messaging] AndroidManifest.xml:20:13-22:29
242                <action android:name="com.google.firebase.MESSAGING_EVENT" />
242-->[:react-native-firebase_messaging] AndroidManifest.xml:21:17-78
242-->[:react-native-firebase_messaging] AndroidManifest.xml:21:25-75
243            </intent-filter>
244        </service>
245        <service
245-->[com.google.android.datatransport:transport-backend-cct:3.1.9] AndroidManifest.xml:28:9-34:19
246            android:name="com.google.android.datatransport.runtime.backends.TransportBackendDiscovery"
246-->[com.google.android.datatransport:transport-backend-cct:3.1.9] AndroidManifest.xml:29:13-103
247            android:exported="false" >
247-->[com.google.android.datatransport:transport-backend-cct:3.1.9] AndroidManifest.xml:30:13-37
248            <meta-data
248-->[com.google.android.datatransport:transport-backend-cct:3.1.9] AndroidManifest.xml:31:13-33:39
249                android:name="backend:com.google.android.datatransport.cct.CctBackendFactory"
249-->[com.google.android.datatransport:transport-backend-cct:3.1.9] AndroidManifest.xml:32:17-94
250                android:value="cct" />
250-->[com.google.android.datatransport:transport-backend-cct:3.1.9] AndroidManifest.xml:33:17-36